Copyright 1986-2022 Xilinx, Inc. All Rights Reserved.
------------------------------------------------------------------------------------------------
| Tool Version : Vivado v.2022.2 (win64) Build 3671981 Fri Oct 14 05:00:03 MDT 2022
| Date         : Wed Dec  7 00:49:00 2022
| Host         : DESKTOP-31QEL6U running 64-bit major release  (build 9200)
| Command      : report_drc -file top_drc_opted.rpt -pb top_drc_opted.pb -rpx top_drc_opted.rpx
| Design       : top
| Device       : xc7a35tcpg236-1
| Speed File   : -1
| Design State : Synthesized
------------------------------------------------------------------------------------------------

Report DRC

Table of Contents
-----------------
1. REPORT SUMMARY
2. REPORT DETAILS

1. REPORT SUMMARY
-----------------
            Netlist: netlist
          Floorplan: design_1
      Design limits: <entire design considered>
           Ruledeck: default
             Max violations: <unlimited>
             Violations found: 3
+-------------+----------+-------------------------------------------------------------+------------+
| Rule        | Severity | Description                                                 | Violations |
+-------------+----------+-------------------------------------------------------------+------------+
| DPOP-1      | Warning  | PREG Output pipelining                                      | 1          |
| DPOP-2      | Warning  | MREG Output pipelining                                      | 1          |
| PLHOLDVIO-2 | Warning  | Non-Optimal connections which could lead to hold violations | 1          |
+-------------+----------+-------------------------------------------------------------+------------+

2. REPORT DETAILS
-----------------
DPOP-1#1 Warning
PREG Output pipelining  
DSP ALU/ALU_Result0 output ALU/ALU_Result0/P[47:0] is not pipelined (PREG=0). Pipelining the DSP48 output will improve performance and often saves power so it is suggested whenever possible to fully pipeline this function.  If this DSP48 function was inferred, it is suggested to describe an additional register stage after this function.  If the DSP48 was instantiated in the design, it is suggested to set the PREG attribute to 1.
Related violations: <none>

DPOP-2#1 Warning
MREG Output pipelining  
DSP ALU/ALU_Result0 multiplier stage ALU/ALU_Result0/P[47:0] is not pipelined (MREG=0). Pipelining the multiplier function will improve performance and will save significant power so it is suggested whenever possible to fully pipeline this function.  If this multiplier was inferred, it is suggested to describe an additional register stage after this function.  If there is no registered adder/accumulator following the multiply function, two pipeline stages are suggested to allow both the MREG and PREG registers to be used.  If the DSP48 was instantiated in the design, it is suggested to set both the MREG and PREG attributes to 1 when performing multiply functions.
Related violations: <none>

PLHOLDVIO-2#1 Warning
Non-Optimal connections which could lead to hold violations  
A LUT inputControl/ALU_Result[15]_i_2 is driving clock pin of 16 cells. This could lead to large hold time violations. Involved cells are:
ALU/ALU_Result_reg[0], ALU/ALU_Result_reg[10], ALU/ALU_Result_reg[11],
ALU/ALU_Result_reg[12], ALU/ALU_Result_reg[13], ALU/ALU_Result_reg[14],
ALU/ALU_Result_reg[15], ALU/ALU_Result_reg[1], ALU/ALU_Result_reg[2],
ALU/ALU_Result_reg[3], ALU/ALU_Result_reg[4], ALU/ALU_Result_reg[5],
ALU/ALU_Result_reg[6], ALU/ALU_Result_reg[7], ALU/ALU_Result_reg[8]
 (the first 15 of 16 listed)
Related violations: <none>


